<?xml version="1.0" encoding="UTF-8"?>
<!-- Generated by org.testng.reporters.JUnitXMLReporter -->
<testsuite ignored="0" hostname="TelkatBhaat" failures="0" tests="13" name="Default test" time="2.745" errors="0" timestamp="2024-05-07T21:34:27 GMT-07:00">
  <testcase classname="com.haullog.haullog.HaUlLogApplicationTests" name="contextLoads" time="0.019"/>
  <testcase classname="com.haullog.haullog.controllers.ShipmentControllerTests" name="testGetShipmentsByDateInFutureError" time="0.144"/>
  <testcase classname="com.haullog.haullog.controllers.ShipmentControllerTests" name="testGetShipmentsByDateMonthError" time="0.003"/>
  <testcase classname="com.haullog.haullog.controllers.ShipmentControllerTests" name="testGetShipmentsByDateSuccess" time="0.013"/>
  <testcase classname="com.haullog.haullog.controllers.LoginControllerTests" name="testLoginSuccess" time="0.009"/>
  <testcase classname="com.haullog.haullog.controllers.LoginControllerTests" name="testLoginUserNotFound" time="0.003"/>
  <testcase classname="com.haullog.haullog.controllers.LoginControllerTests" name="testLoginWrongPassword" time="0.003"/>
  <testcase classname="com.haullog.haullog.services.userServiceImplementation.GetUserByUsernameFailure" name="createNewUserFailure" time="0.002"/>
  <testcase classname="com.haullog.haullog.services.shipmentServiceImplementationTests.GetShipmentsByMonthFailure" name="getShipmentsByMonthYearEmpty" time="0.002"/>
  <testcase classname="com.haullog.haullog.controllers.SignUpControllerTests" name="testSignUpSuccess" time="0.003"/>
  <testcase classname="com.haullog.haullog.controllers.SignUpControllerTests" name="testSignUpUserAlreadyExists" time="0.003"/>
  <testcase classname="com.haullog.haullog.services.shipmentServiceImplementationTests.GetShipmentsByMonthYearSuccess" name="getShipmentsByMonthYearFound" time="0.003"/>
  <testcase classname="com.haullog.haullog.services.userServiceImplementation.GetUserByUsernameSuccess" name="getUserByUserNameSuccess" time="0.002"/>
</testsuite> <!-- Default test -->
