<?xml version="1.0" encoding="UTF-8"?>
<!-- Generated by org.testng.reporters.JUnitXMLReporter -->
<testsuite ignored="0" hostname="TelkatBhaat" failures="0" tests="6" name="Default test" time="1.943" errors="0" timestamp="2024-04-25T15:04:04 GMT-07:00">
  <testcase classname="com.haullog.haullog.HaUlLogApplicationTests" name="contextLoads" time="0.066"/>
  <testcase classname="com.haullog.haullog.controllers.SignUpControllerTests" name="testSignUpSuccess" time="0.099"/>
  <testcase classname="com.haullog.haullog.controllers.SignUpControllerTests" name="testSignUpUserAlreadyExists" time="0.003"/>
  <testcase classname="com.haullog.haullog.controllers.LoginControllerTests" name="testLoginSuccess" time="0.003"/>
  <testcase classname="com.haullog.haullog.controllers.LoginControllerTests" name="testLoginUserNotFound" time="0.003"/>
  <testcase classname="com.haullog.haullog.controllers.LoginControllerTests" name="testLoginWrongPassword" time="0.002"/>
</testsuite> <!-- Default test -->
